[33m[2022-11-30 23:11:00:1134][0;39m [32m[background-preinit][0;39m [34mINFO [0;39m [1;37m[org.hibernate.validator.internal.util.Version.<clinit>:[33m21[0;39m][0;39m - HV000001: Hibernate Validator 6.2.5.Final
[33m[2022-11-30 23:11:00:1141][0;39m [32m[main][0;39m [34mINFO [0;39m [1;37m[org.springframework.boot.StartupInfoLogger.logStarting:[33m55[0;39m][0;39m - Starting WiselifeApplication using Java 11.0.15 on KMS with PID 32224 (C:\Users\PC\Desktop\wiselife\server\wiselife\build\classes\java\main started by PC in C:\Users\PC\Desktop\wiselife\server\wiselife)
[33m[2022-11-30 23:11:00:1143][0;39m [32m[main][0;39m [34mINFO [0;39m [1;37m[org.springframework.boot.SpringApplication.logStartupProfileInfo:[33m640[0;39m][0;39m - The following 1 profile is active: "prod"
[33m[2022-11-30 23:11:01:2452][0;39m [32m[main][0;39m [34mINFO [0;39m [1;37m[org.springframework.data.repository.config.RepositoryConfigurationDelegate.registerRepositoriesIn:[33m132[0;39m][0;39m - Bootstrapping Spring Data JPA repositories in DEFAULT mode.
[33m[2022-11-30 23:11:01:2704][0;39m [32m[main][0;39m [34mINFO [0;39m [1;37m[org.springframework.data.repository.config.RepositoryConfigurationDelegate.registerRepositoriesIn:[33m201[0;39m][0;39m - Finished Spring Data repository scanning in 242 ms. Found 8 JPA repository interfaces.
[33m[2022-11-30 23:11:02:3162][0;39m [32m[main][0;39m [34mINFO [0;39m [1;37m[org.springframework.cloud.context.scope.GenericScope.setSerializationId:[33m283[0;39m][0;39m - BeanFactory id=8379090f-88d1-35cf-954d-1fa352a16280
[33m[2022-11-30 23:11:02:3314][0;39m [32m[main][0;39m [34mINFO [0;39m [1;37m[org.springframework.context.support.PostProcessorRegistrationDelegate$BeanPostProcessorChecker.postProcessAfterInitialization:[33m376[0;39m][0;39m - Bean '(inner bean)#9ab310b' of type [com.amazonaws.auth.BasicAWSCredentials] is not eligible for getting processed by all BeanPostProcessors (for example: not eligible for auto-proxying)
[33m[2022-11-30 23:11:02:3317][0;39m [32m[main][0;39m [34mINFO [0;39m [1;37m[org.springframework.context.support.PostProcessorRegistrationDelegate$BeanPostProcessorChecker.postProcessAfterInitialization:[33m376[0;39m][0;39m - Bean '(inner bean)#9c93d16' of type [com.amazonaws.auth.AWSStaticCredentialsProvider] is not eligible for getting processed by all BeanPostProcessors (for example: not eligible for auto-proxying)
[33m[2022-11-30 23:11:02:3329][0;39m [32m[main][0;39m [34mINFO [0;39m [1;37m[org.springframework.context.support.PostProcessorRegistrationDelegate$BeanPostProcessorChecker.postProcessAfterInitialization:[33m376[0;39m][0;39m - Bean '(inner bean)#712ac7e6' of type [com.amazonaws.auth.profile.ProfileCredentialsProvider] is not eligible for getting processed by all BeanPostProcessors (for example: not eligible for auto-proxying)
[33m[2022-11-30 23:11:03:4783][0;39m [32m[main][0;39m [34mINFO [0;39m [1;37m[org.springframework.boot.web.embedded.tomcat.TomcatWebServer.initialize:[33m108[0;39m][0;39m - Tomcat initialized with port(s): 3000 (http)
[33m[2022-11-30 23:11:04:4817][0;39m [32m[main][0;39m [34mINFO [0;39m [1;37m[org.apache.juli.logging.DirectJDKLog.log:[33m173[0;39m][0;39m - Initializing ProtocolHandler ["http-nio-3000"]
[33m[2022-11-30 23:11:04:4818][0;39m [32m[main][0;39m [34mINFO [0;39m [1;37m[org.apache.juli.logging.DirectJDKLog.log:[33m173[0;39m][0;39m - Starting service [Tomcat]
[33m[2022-11-30 23:11:04:4820][0;39m [32m[main][0;39m [34mINFO [0;39m [1;37m[org.apache.juli.logging.DirectJDKLog.log:[33m173[0;39m][0;39m - Starting Servlet engine: [Apache Tomcat/9.0.68]
[33m[2022-11-30 23:11:04:5203][0;39m [32m[main][0;39m [34mINFO [0;39m [1;37m[org.apache.juli.logging.DirectJDKLog.log:[33m173[0;39m][0;39m - Initializing Spring embedded WebApplicationContext
[33m[2022-11-30 23:11:04:5203][0;39m [32m[main][0;39m [34mINFO [0;39m [1;37m[org.springframework.boot.web.servlet.context.ServletWebServerApplicationContext.prepareWebApplicationContext:[33m292[0;39m][0;39m - Root WebApplicationContext: initialization completed in 3993 ms
[33m[2022-11-30 23:11:04:5713][0;39m [32m[main][0;39m [34mINFO [0;39m [1;37m[org.hibernate.jpa.internal.util.LogHelper.logPersistenceUnitInformation:[33m31[0;39m][0;39m - HHH000204: Processing PersistenceUnitInfo [name: default]
[33m[2022-11-30 23:11:05:5871][0;39m [32m[main][0;39m [34mINFO [0;39m [1;37m[org.hibernate.Version.logVersion:[33m44[0;39m][0;39m - HHH000412: Hibernate ORM core version 5.6.12.Final
[33m[2022-11-30 23:11:05:6662][0;39m [32m[main][0;39m [34mINFO [0;39m [1;37m[org.hibernate.annotations.common.reflection.java.JavaReflectionManager.<clinit>:[33m56[0;39m][0;39m - HCANN000001: Hibernate Commons Annotations {5.1.2.Final}
[33m[2022-11-30 23:11:06:7074][0;39m [32m[main][0;39m [34mINFO [0;39m [1;37m[com.zaxxer.hikari.HikariDataSource.getConnection:[33m110[0;39m][0;39m - HikariPool-1 - Starting...
[33m[2022-11-30 23:11:07:8035][0;39m [32m[main][0;39m [34mINFO [0;39m [1;37m[com.zaxxer.hikari.HikariDataSource.getConnection:[33m123[0;39m][0;39m - HikariPool-1 - Start completed.
[33m[2022-11-30 23:11:07:8111][0;39m [32m[main][0;39m [34mINFO [0;39m [1;37m[org.hibernate.dialect.Dialect.<init>:[33m175[0;39m][0;39m - HHH000400: Using dialect: org.hibernate.dialect.MySQL8Dialect
[33m[2022-11-30 23:11:09:10355][0;39m [32m[main][0;39m [34mINFO [0;39m [1;37m[org.hibernate.engine.transaction.jta.platform.internal.JtaPlatformInitiator.initiateService:[33m52[0;39m][0;39m - HHH000490: Using JtaPlatform implementation: [org.hibernate.engine.transaction.jta.platform.internal.NoJtaPlatform]
[33m[2022-11-30 23:11:09:10395][0;39m [32m[main][0;39m [34mINFO [0;39m [1;37m[org.springframework.orm.jpa.AbstractEntityManagerFactoryBean.buildNativeEntityManagerFactory:[33m437[0;39m][0;39m - Initialized JPA EntityManagerFactory for persistence unit 'default'
[33m[2022-11-30 23:11:12:13261][0;39m [32m[main][0;39m [34mINFO [0;39m [1;37m[org.springframework.security.web.DefaultSecurityFilterChain.<init>:[33m55[0;39m][0;39m - Will secure any request with [org.springframework.security.web.session.DisableEncodeUrlFilter@10770c1, org.springframework.security.web.context.request.async.WebAsyncManagerIntegrationFilter@35ab0bf3, org.springframework.security.web.context.SecurityContextPersistenceFilter@587df3e4, org.springframework.security.web.header.HeaderWriterFilter@6da14f7f, org.springframework.web.filter.CorsFilter@dd26290, org.springframework.security.web.authentication.logout.LogoutFilter@6ea0dfaa, org.springframework.security.oauth2.client.web.OAuth2AuthorizationRequestRedirectFilter@4fd8aefe, org.springframework.security.oauth2.client.web.OAuth2LoginAuthenticationFilter@4a59d584, org.springframework.security.web.savedrequest.RequestCacheAwareFilter@5207747c, org.springframework.security.web.servletapi.SecurityContextHolderAwareRequestFilter@f1b006b, org.springframework.security.web.authentication.AnonymousAuthenticationFilter@21d30ba5, org.springframework.security.web.session.SessionManagementFilter@18f493d7, org.springframework.security.web.access.ExceptionTranslationFilter@1aa7d66e, org.springframework.security.web.access.intercept.AuthorizationFilter@7892635c]
[33m[2022-11-30 23:11:13:13828][0;39m [32m[main][0;39m [34mINFO [0;39m [1;37m[org.springframework.boot.web.embedded.tomcat.TomcatWebServer.start:[33m220[0;39m][0;39m - Tomcat started on port(s): 3000 (http) with context path ''
[33m[2022-11-30 23:11:13:13846][0;39m [32m[main][0;39m [34mINFO [0;39m [1;37m[org.springframework.boot.StartupInfoLogger.logStarted:[33m61[0;39m][0;39m - Started WiselifeApplication in 13.614 seconds (JVM running for 15.617)
[33m[2022-11-30 23:11:13:14071][0;39m [32m[SpringApplicationShutdownHook][0;39m [34mINFO [0;39m [1;37m[org.springframework.orm.jpa.AbstractEntityManagerFactoryBean.destroy:[33m651[0;39m][0;39m - Closing JPA EntityManagerFactory for persistence unit 'default'
[33m[2022-11-30 23:11:13:14074][0;39m [32m[SpringApplicationShutdownHook][0;39m [34mINFO [0;39m [1;37m[com.zaxxer.hikari.HikariDataSource.close:[33m350[0;39m][0;39m - HikariPool-1 - Shutdown initiated...
[33m[2022-11-30 23:11:13:14087][0;39m [32m[SpringApplicationShutdownHook][0;39m [34mINFO [0;39m [1;37m[com.zaxxer.hikari.HikariDataSource.close:[33m352[0;39m][0;39m - HikariPool-1 - Shutdown completed.
