[2022-11-15 00:08:47:772] [32m[background-preinit][0;39m [34mINFO [0;39m [1;37m[org.hibernate.validator.internal.util.Version.<clinit>:[33m21[0;39m][0;39m - HV000001: Hibernate Validator 6.2.5.Final
[2022-11-15 00:08:47:771] [32m[main][0;39m [34mINFO [0;39m [1;37m[org.springframework.boot.StartupInfoLogger.logStarting:[33m55[0;39m][0;39m - Starting WiselifeApplication using Java 11.0.15 on KMS with PID 24616 (C:\Users\PC\Desktop\wiselife\server\wiselife\build\classes\java\main started by PC in C:\Users\PC\Desktop\wiselife\server\wiselife)
[2022-11-15 00:08:47:779] [32m[main][0;39m [34mINFO [0;39m [1;37m[org.springframework.boot.SpringApplication.logStartupProfileInfo:[33m640[0;39m][0;39m - The following 1 profile is active: "prod"
[2022-11-15 00:08:47:1569] [32m[main][0;39m [34mINFO [0;39m [1;37m[org.springframework.data.repository.config.RepositoryConfigurationDelegate.registerRepositoriesIn:[33m132[0;39m][0;39m - Bootstrapping Spring Data JPA repositories in DEFAULT mode.
[2022-11-15 00:08:48:1632] [32m[main][0;39m [34mINFO [0;39m [1;37m[org.springframework.data.repository.config.RepositoryConfigurationDelegate.registerRepositoriesIn:[33m201[0;39m][0;39m - Finished Spring Data repository scanning in 52 ms. Found 1 JPA repository interfaces.
[2022-11-15 00:08:48:2208] [32m[main][0;39m [34mINFO [0;39m [1;37m[org.springframework.boot.web.embedded.tomcat.TomcatWebServer.initialize:[33m108[0;39m][0;39m - Tomcat initialized with port(s): 8080 (http)
[2022-11-15 00:08:48:2217] [32m[main][0;39m [34mINFO [0;39m [1;37m[org.apache.juli.logging.DirectJDKLog.log:[33m173[0;39m][0;39m - Initializing ProtocolHandler ["http-nio-8080"]
[2022-11-15 00:08:48:2217] [32m[main][0;39m [34mINFO [0;39m [1;37m[org.apache.juli.logging.DirectJDKLog.log:[33m173[0;39m][0;39m - Starting service [Tomcat]
[2022-11-15 00:08:48:2218] [32m[main][0;39m [34mINFO [0;39m [1;37m[org.apache.juli.logging.DirectJDKLog.log:[33m173[0;39m][0;39m - Starting Servlet engine: [Apache Tomcat/9.0.68]
[2022-11-15 00:08:48:2362] [32m[main][0;39m [34mINFO [0;39m [1;37m[org.apache.juli.logging.DirectJDKLog.log:[33m173[0;39m][0;39m - Initializing Spring embedded WebApplicationContext
[2022-11-15 00:08:48:2362] [32m[main][0;39m [34mINFO [0;39m [1;37m[org.springframework.boot.web.servlet.context.ServletWebServerApplicationContext.prepareWebApplicationContext:[33m292[0;39m][0;39m - Root WebApplicationContext: initialization completed in 1520 ms
[2022-11-15 00:08:48:2398] [32m[main][0;39m [34mINFO [0;39m [1;37m[com.zaxxer.hikari.HikariDataSource.getConnection:[33m110[0;39m][0;39m - HikariPool-1 - Starting...
[2022-11-15 00:08:48:2524] [32m[main][0;39m [34mINFO [0;39m [1;37m[org.hibernate.jpa.internal.util.LogHelper.logPersistenceUnitInformation:[33m31[0;39m][0;39m - HHH000204: Processing PersistenceUnitInfo [name: default]
[2022-11-15 00:08:48:2575] [32m[main][0;39m [34mINFO [0;39m [1;37m[org.hibernate.Version.logVersion:[33m44[0;39m][0;39m - HHH000412: Hibernate ORM core version 5.6.12.Final
[2022-11-15 00:08:49:2732] [32m[main][0;39m [34mINFO [0;39m [1;37m[org.hibernate.annotations.common.reflection.java.JavaReflectionManager.<clinit>:[33m56[0;39m][0;39m - HCANN000001: Hibernate Commons Annotations {5.1.2.Final}
[2022-11-15 00:08:49:2839] [32m[main][0;39m [34mINFO [0;39m [1;37m[com.zaxxer.hikari.HikariDataSource.getConnection:[33m110[0;39m][0;39m - HikariPool-1 - Starting...
[2022-11-15 00:08:49:2847] [32m[main][0;39m [34mINFO [0;39m [1;37m[org.apache.juli.logging.DirectJDKLog.log:[33m173[0;39m][0;39m - Stopping service [Tomcat]
[2022-11-15 00:08:49:2859] [32m[main][0;39m [34mINFO [0;39m [1;37m[org.springframework.boot.autoconfigure.logging.ConditionEvaluationReportLoggingListener.logMessage:[33m136[0;39m][0;39m - 

Error starting ApplicationContext. To display the conditions report re-run your application with 'debug' enabled.
[2022-11-15 00:09:25:713] [32m[background-preinit][0;39m [34mINFO [0;39m [1;37m[org.hibernate.validator.internal.util.Version.<clinit>:[33m21[0;39m][0;39m - HV000001: Hibernate Validator 6.2.5.Final
[2022-11-15 00:09:25:714] [32m[main][0;39m [34mINFO [0;39m [1;37m[org.springframework.boot.StartupInfoLogger.logStarting:[33m55[0;39m][0;39m - Starting WiselifeApplication using Java 11.0.15 on KMS with PID 28376 (C:\Users\PC\Desktop\wiselife\server\wiselife\build\classes\java\main started by PC in C:\Users\PC\Desktop\wiselife\server\wiselife)
[2022-11-15 00:09:25:717] [32m[main][0;39m [34mINFO [0;39m [1;37m[org.springframework.boot.SpringApplication.logStartupProfileInfo:[33m640[0;39m][0;39m - The following 1 profile is active: "prod"
[2022-11-15 00:09:26:1402] [32m[main][0;39m [34mINFO [0;39m [1;37m[org.springframework.data.repository.config.RepositoryConfigurationDelegate.registerRepositoriesIn:[33m132[0;39m][0;39m - Bootstrapping Spring Data JPA repositories in DEFAULT mode.
[2022-11-15 00:09:26:1466] [32m[main][0;39m [34mINFO [0;39m [1;37m[org.springframework.data.repository.config.RepositoryConfigurationDelegate.registerRepositoriesIn:[33m201[0;39m][0;39m - Finished Spring Data repository scanning in 54 ms. Found 1 JPA repository interfaces.
[2022-11-15 00:09:27:2004] [32m[main][0;39m [34mINFO [0;39m [1;37m[org.springframework.boot.web.embedded.tomcat.TomcatWebServer.initialize:[33m108[0;39m][0;39m - Tomcat initialized with port(s): 8080 (http)
[2022-11-15 00:09:27:2014] [32m[main][0;39m [34mINFO [0;39m [1;37m[org.apache.juli.logging.DirectJDKLog.log:[33m173[0;39m][0;39m - Initializing ProtocolHandler ["http-nio-8080"]
[2022-11-15 00:09:27:2014] [32m[main][0;39m [34mINFO [0;39m [1;37m[org.apache.juli.logging.DirectJDKLog.log:[33m173[0;39m][0;39m - Starting service [Tomcat]
[2022-11-15 00:09:27:2015] [32m[main][0;39m [34mINFO [0;39m [1;37m[org.apache.juli.logging.DirectJDKLog.log:[33m173[0;39m][0;39m - Starting Servlet engine: [Apache Tomcat/9.0.68]
[2022-11-15 00:09:27:2149] [32m[main][0;39m [34mINFO [0;39m [1;37m[org.apache.juli.logging.DirectJDKLog.log:[33m173[0;39m][0;39m - Initializing Spring embedded WebApplicationContext
[2022-11-15 00:09:27:2149] [32m[main][0;39m [34mINFO [0;39m [1;37m[org.springframework.boot.web.servlet.context.ServletWebServerApplicationContext.prepareWebApplicationContext:[33m292[0;39m][0;39m - Root WebApplicationContext: initialization completed in 1388 ms
[2022-11-15 00:09:27:2174] [32m[main][0;39m [34mINFO [0;39m [1;37m[com.zaxxer.hikari.HikariDataSource.getConnection:[33m110[0;39m][0;39m - HikariPool-1 - Starting...
[2022-11-15 00:09:27:2298] [32m[main][0;39m [34mINFO [0;39m [1;37m[com.zaxxer.hikari.HikariDataSource.getConnection:[33m123[0;39m][0;39m - HikariPool-1 - Start completed.
[2022-11-15 00:09:27:2310] [32m[main][0;39m [34mINFO [0;39m [1;37m[org.springframework.boot.autoconfigure.h2.H2ConsoleAutoConfiguration.logDataSources:[33m98[0;39m][0;39m - H2 console available at '/h2'. Database available at 'jdbc:h2:mem:test'
[2022-11-15 00:09:27:2426] [32m[main][0;39m [34mINFO [0;39m [1;37m[org.hibernate.jpa.internal.util.LogHelper.logPersistenceUnitInformation:[33m31[0;39m][0;39m - HHH000204: Processing PersistenceUnitInfo [name: default]
[2022-11-15 00:09:27:2481] [32m[main][0;39m [34mINFO [0;39m [1;37m[org.hibernate.Version.logVersion:[33m44[0;39m][0;39m - HHH000412: Hibernate ORM core version 5.6.12.Final
[2022-11-15 00:09:27:2634] [32m[main][0;39m [34mINFO [0;39m [1;37m[org.hibernate.annotations.common.reflection.java.JavaReflectionManager.<clinit>:[33m56[0;39m][0;39m - HCANN000001: Hibernate Commons Annotations {5.1.2.Final}
[2022-11-15 00:09:28:2758] [32m[main][0;39m [34mINFO [0;39m [1;37m[org.hibernate.dialect.Dialect.<init>:[33m175[0;39m][0;39m - HHH000400: Using dialect: org.hibernate.dialect.H2Dialect
[2022-11-15 00:09:28:3369] [32m[main][0;39m [34mINFO [0;39m [1;37m[org.hibernate.engine.transaction.jta.platform.internal.JtaPlatformInitiator.initiateService:[33m52[0;39m][0;39m - HHH000490: Using JtaPlatform implementation: [org.hibernate.engine.transaction.jta.platform.internal.NoJtaPlatform]
[2022-11-15 00:09:28:3379] [32m[main][0;39m [34mINFO [0;39m [1;37m[org.springframework.orm.jpa.AbstractEntityManagerFactoryBean.buildNativeEntityManagerFactory:[33m437[0;39m][0;39m - Initialized JPA EntityManagerFactory for persistence unit 'default'
[2022-11-15 00:09:29:4103] [32m[main][0;39m [34mINFO [0;39m [1;37m[org.apache.juli.logging.DirectJDKLog.log:[33m173[0;39m][0;39m - Starting ProtocolHandler ["http-nio-8080"]
[2022-11-15 00:09:29:4123] [32m[main][0;39m [34mINFO [0;39m [1;37m[org.springframework.boot.web.embedded.tomcat.TomcatWebServer.start:[33m220[0;39m][0;39m - Tomcat started on port(s): 8080 (http) with context path ''
[2022-11-15 00:09:29:4134] [32m[main][0;39m [34mINFO [0;39m [1;37m[org.springframework.boot.StartupInfoLogger.logStarted:[33m61[0;39m][0;39m - Started WiselifeApplication in 3.967 seconds (JVM running for 4.953)
[2022-11-15 00:09:32:7536] [32m[SpringApplicationShutdownHook][0;39m [34mINFO [0;39m [1;37m[org.springframework.orm.jpa.AbstractEntityManagerFactoryBean.destroy:[33m651[0;39m][0;39m - Closing JPA EntityManagerFactory for persistence unit 'default'
[2022-11-15 00:09:32:7537] [32m[SpringApplicationShutdownHook][0;39m [34mINFO [0;39m [1;37m[org.hibernate.tool.schema.internal.SchemaDropperImpl$DelayedDropActionImpl.perform:[33m538[0;39m][0;39m - HHH000477: Starting delayed evictData of schema as part of SessionFactory shut-down'
[2022-11-15 00:09:32:7545] [32m[SpringApplicationShutdownHook][0;39m [34mINFO [0;39m [1;37m[com.zaxxer.hikari.HikariDataSource.close:[33m350[0;39m][0;39m - HikariPool-1 - Shutdown initiated...
[2022-11-15 00:09:32:7548] [32m[SpringApplicationShutdownHook][0;39m [34mINFO [0;39m [1;37m[com.zaxxer.hikari.HikariDataSource.close:[33m352[0;39m][0;39m - HikariPool-1 - Shutdown completed.
[2022-11-15 10:04:55:828] [32m[main][0;39m [34mINFO [0;39m [1;37m[org.springframework.boot.StartupInfoLogger.logStarting:[33m55[0;39m][0;39m - Starting WiselifeApplication using Java 11.0.15 on KMS with PID 24996 (C:\Users\PC\Desktop\wiselife\server\wiselife\build\classes\java\main started by PC in C:\Users\PC\Desktop\wiselife\server\wiselife)
[2022-11-15 10:04:55:828] [32m[background-preinit][0;39m [34mINFO [0;39m [1;37m[org.hibernate.validator.internal.util.Version.<clinit>:[33m21[0;39m][0;39m - HV000001: Hibernate Validator 6.2.5.Final
[2022-11-15 10:04:55:833] [32m[main][0;39m [34mINFO [0;39m [1;37m[org.springframework.boot.SpringApplication.logStartupProfileInfo:[33m640[0;39m][0;39m - The following 1 profile is active: "prod"
[2022-11-15 10:04:56:1774] [32m[main][0;39m [34mINFO [0;39m [1;37m[org.springframework.data.repository.config.RepositoryConfigurationDelegate.registerRepositoriesIn:[33m132[0;39m][0;39m - Bootstrapping Spring Data JPA repositories in DEFAULT mode.
[2022-11-15 10:04:57:1877] [32m[main][0;39m [34mINFO [0;39m [1;37m[org.springframework.data.repository.config.RepositoryConfigurationDelegate.registerRepositoriesIn:[33m201[0;39m][0;39m - Finished Spring Data repository scanning in 82 ms. Found 1 JPA repository interfaces.
[2022-11-15 10:04:57:2552] [32m[main][0;39m [34mINFO [0;39m [1;37m[org.springframework.boot.web.embedded.tomcat.TomcatWebServer.initialize:[33m108[0;39m][0;39m - Tomcat initialized with port(s): 8080 (http)
[2022-11-15 10:04:57:2562] [32m[main][0;39m [34mINFO [0;39m [1;37m[org.apache.juli.logging.DirectJDKLog.log:[33m173[0;39m][0;39m - Initializing ProtocolHandler ["http-nio-8080"]
[2022-11-15 10:04:57:2563] [32m[main][0;39m [34mINFO [0;39m [1;37m[org.apache.juli.logging.DirectJDKLog.log:[33m173[0;39m][0;39m - Starting service [Tomcat]
[2022-11-15 10:04:57:2563] [32m[main][0;39m [34mINFO [0;39m [1;37m[org.apache.juli.logging.DirectJDKLog.log:[33m173[0;39m][0;39m - Starting Servlet engine: [Apache Tomcat/9.0.68]
[2022-11-15 10:04:57:2722] [32m[main][0;39m [34mINFO [0;39m [1;37m[org.apache.juli.logging.DirectJDKLog.log:[33m173[0;39m][0;39m - Initializing Spring embedded WebApplicationContext
[2022-11-15 10:04:57:2722] [32m[main][0;39m [34mINFO [0;39m [1;37m[org.springframework.boot.web.servlet.context.ServletWebServerApplicationContext.prepareWebApplicationContext:[33m292[0;39m][0;39m - Root WebApplicationContext: initialization completed in 1833 ms
[2022-11-15 10:04:57:2749] [32m[main][0;39m [34mINFO [0;39m [1;37m[com.zaxxer.hikari.HikariDataSource.getConnection:[33m110[0;39m][0;39m - HikariPool-1 - Starting...
[2022-11-15 10:04:58:2907] [32m[main][0;39m [34mINFO [0;39m [1;37m[com.zaxxer.hikari.HikariDataSource.getConnection:[33m123[0;39m][0;39m - HikariPool-1 - Start completed.
[2022-11-15 10:04:58:2921] [32m[main][0;39m [34mINFO [0;39m [1;37m[org.springframework.boot.autoconfigure.h2.H2ConsoleAutoConfiguration.logDataSources:[33m98[0;39m][0;39m - H2 console available at '/h2'. Database available at 'jdbc:h2:mem:test'
[2022-11-15 10:04:58:3088] [32m[main][0;39m [34mINFO [0;39m [1;37m[org.hibernate.jpa.internal.util.LogHelper.logPersistenceUnitInformation:[33m31[0;39m][0;39m - HHH000204: Processing PersistenceUnitInfo [name: default]
[2022-11-15 10:04:58:3168] [32m[main][0;39m [34mINFO [0;39m [1;37m[org.hibernate.Version.logVersion:[33m44[0;39m][0;39m - HHH000412: Hibernate ORM core version 5.6.12.Final
[2022-11-15 10:04:58:3359] [32m[main][0;39m [34mINFO [0;39m [1;37m[org.hibernate.annotations.common.reflection.java.JavaReflectionManager.<clinit>:[33m56[0;39m][0;39m - HCANN000001: Hibernate Commons Annotations {5.1.2.Final}
[2022-11-15 10:04:58:3506] [32m[main][0;39m [34mINFO [0;39m [1;37m[org.hibernate.dialect.Dialect.<init>:[33m175[0;39m][0;39m - HHH000400: Using dialect: org.hibernate.dialect.H2Dialect
[2022-11-15 10:04:59:4183] [32m[main][0;39m [34mINFO [0;39m [1;37m[org.hibernate.engine.transaction.jta.platform.internal.JtaPlatformInitiator.initiateService:[33m52[0;39m][0;39m - HHH000490: Using JtaPlatform implementation: [org.hibernate.engine.transaction.jta.platform.internal.NoJtaPlatform]
[2022-11-15 10:04:59:4196] [32m[main][0;39m [34mINFO [0;39m [1;37m[org.springframework.orm.jpa.AbstractEntityManagerFactoryBean.buildNativeEntityManagerFactory:[33m437[0;39m][0;39m - Initialized JPA EntityManagerFactory for persistence unit 'default'
[2022-11-15 10:05:00:5289] [32m[main][0;39m [34mINFO [0;39m [1;37m[org.apache.juli.logging.DirectJDKLog.log:[33m173[0;39m][0;39m - Starting ProtocolHandler ["http-nio-8080"]
[2022-11-15 10:05:00:5320] [32m[main][0;39m [34mINFO [0;39m [1;37m[org.springframework.boot.web.embedded.tomcat.TomcatWebServer.start:[33m220[0;39m][0;39m - Tomcat started on port(s): 8080 (http) with context path ''
[2022-11-15 10:05:00:5335] [32m[main][0;39m [34mINFO [0;39m [1;37m[org.springframework.boot.StartupInfoLogger.logStarted:[33m61[0;39m][0;39m - Started WiselifeApplication in 5.143 seconds (JVM running for 6.57)
[2022-11-15 10:06:32:97377] [32m[http-nio-8080-exec-2][0;39m [34mINFO [0;39m [1;37m[org.apache.juli.logging.DirectJDKLog.log:[33m173[0;39m][0;39m - Initializing Spring DispatcherServlet 'dispatcherServlet'
[2022-11-15 10:06:32:97377] [32m[http-nio-8080-exec-2][0;39m [34mINFO [0;39m [1;37m[org.springframework.web.servlet.FrameworkServlet.initServletBean:[33m525[0;39m][0;39m - Initializing Servlet 'dispatcherServlet'
[2022-11-15 10:06:32:97378] [32m[http-nio-8080-exec-2][0;39m [34mINFO [0;39m [1;37m[org.springframework.web.servlet.FrameworkServlet.initServletBean:[33m547[0;39m][0;39m - Completed initialization in 1 ms
[2022-11-15 10:06:32:97496] [32m[http-nio-8080-exec-2][0;39m [34mINFO [0;39m [1;37m[be.wiselife.order.controller.OrderController.startContract:[33m39[0;39m][0;39m - 주문정보 =만원권
[2022-11-15 10:06:32:97497] [32m[http-nio-8080-exec-2][0;39m [34mINFO [0;39m [1;37m[be.wiselife.order.controller.OrderController.startContract:[33m39[0;39m][0;39m - 결재 총액 =10000.0
[2022-11-15 10:06:32:97610] [32m[http-nio-8080-exec-2][0;39m [34mINFO [0;39m [1;37m[be.wiselife.order.service.OrderService.startKakaoPay:[33m57[0;39m][0;39m - 주문한 맴버아이디:[memberId_1]
[2022-11-15 10:06:32:97610] [32m[http-nio-8080-exec-2][0;39m [34mINFO [0;39m [1;37m[be.wiselife.order.service.OrderService.startKakaoPay:[33m58[0;39m][0;39m - 결제번호 : [1]
[2022-11-15 10:06:33:98087] [32m[http-nio-8080-exec-2][0;39m [34mINFO [0;39m [1;37m[be.wiselife.order.service.OrderService.startKakaoPay:[33m69[0;39m][0;39m - 결재승인 응답객체: OrderDto.OrderReadyResponse(tid=T372e619204d1c5775c4, next_redirect_pc_url=https://online-pay.kakao.com/mockup/v1/775a00e6c93f9c924b78d4f9066bc1ef62f87fcf4a65b946cc431786d527c355/info, created_at=2022-11-15T10:06:33)
[2022-11-15 10:07:06:131429] [32m[http-nio-8080-exec-3][0;39m [34mINFO [0;39m [1;37m[be.wiselife.order.service.OrderService.approveKakaoPay:[33m75[0;39m][0;39m - 요청 tid T372e619204d1c5775c4
[2022-11-15 10:07:06:131615] [32m[http-nio-8080-exec-3][0;39m [34mINFO [0;39m [1;37m[be.wiselife.order.service.OrderService.approveKakaoPay:[33m85[0;39m][0;39m - 결제승인 요청을 인증하는 토큰: 875fa09908140d15aae6
[2022-11-15 10:07:06:131615] [32m[http-nio-8080-exec-3][0;39m [34mINFO [0;39m [1;37m[be.wiselife.order.service.OrderService.approveKakaoPay:[33m86[0;39m][0;39m - 결재고유 번호: T372e619204d1c5775c4
[2022-11-15 10:07:06:131712] [32m[http-nio-8080-exec-3][0;39m [34mINFO [0;39m [1;37m[be.wiselife.order.controller.OrderController.afterQR:[33m53[0;39m][0;39m - 결제 승인 응답결과 = OrderDto.ApproveResponse(aid=A372e6357c755d996040, tid=T372e619204d1c5775c4, cid=TC0ONETIME, sid=null, partner_order_id=1, partner_user_id=memberId_1, payment_method_type=MONEY, item_name=만원권, item_code=null, quantity=1, created_at=2022-11-15T10:06:33, approved_at=2022-11-15T10:07:06, payload=null, amount=OrderDto.Amount(total=10000, tax_free=0, tax=0, point=10000, discount=0))
[2022-11-15 10:07:52:177079] [32m[http-nio-8080-exec-7][0;39m [34mINFO [0;39m [1;37m[be.wiselife.order.service.OrderService.approveKakaoPay:[33m75[0;39m][0;39m - 요청 tid T372e619204d1c5775c4
[2022-11-15 10:07:52:177082] [32m[http-nio-8080-exec-7][0;39m [34mINFO [0;39m [1;37m[be.wiselife.order.service.OrderService.approveKakaoPay:[33m85[0;39m][0;39m - 결제승인 요청을 인증하는 토큰: 875fa09908140d15aae6
[2022-11-15 10:07:52:177082] [32m[http-nio-8080-exec-7][0;39m [34mINFO [0;39m [1;37m[be.wiselife.order.service.OrderService.approveKakaoPay:[33m86[0;39m][0;39m - 결재고유 번호: T372e619204d1c5775c4
[2022-11-15 10:07:57:182199] [32m[SpringApplicationShutdownHook][0;39m [34mINFO [0;39m [1;37m[org.springframework.orm.jpa.AbstractEntityManagerFactoryBean.destroy:[33m651[0;39m][0;39m - Closing JPA EntityManagerFactory for persistence unit 'default'
[2022-11-15 10:07:57:182201] [32m[SpringApplicationShutdownHook][0;39m [34mINFO [0;39m [1;37m[org.hibernate.tool.schema.internal.SchemaDropperImpl$DelayedDropActionImpl.perform:[33m538[0;39m][0;39m - HHH000477: Starting delayed evictData of schema as part of SessionFactory shut-down'
[2022-11-15 10:07:57:182219] [32m[SpringApplicationShutdownHook][0;39m [34mINFO [0;39m [1;37m[com.zaxxer.hikari.HikariDataSource.close:[33m350[0;39m][0;39m - HikariPool-1 - Shutdown initiated...
[2022-11-15 10:07:57:182254] [32m[SpringApplicationShutdownHook][0;39m [34mINFO [0;39m [1;37m[com.zaxxer.hikari.HikariDataSource.close:[33m352[0;39m][0;39m - HikariPool-1 - Shutdown completed.
[2022-11-15 10:09:30:847] [32m[background-preinit][0;39m [34mINFO [0;39m [1;37m[org.hibernate.validator.internal.util.Version.<clinit>:[33m21[0;39m][0;39m - HV000001: Hibernate Validator 6.2.5.Final
[2022-11-15 10:09:30:852] [32m[main][0;39m [34mINFO [0;39m [1;37m[org.springframework.boot.StartupInfoLogger.logStarting:[33m55[0;39m][0;39m - Starting WiselifeApplication using Java 11.0.15 on KMS with PID 19892 (C:\Users\PC\Desktop\wiselife\server\wiselife\build\classes\java\main started by PC in C:\Users\PC\Desktop\wiselife\server\wiselife)
[2022-11-15 10:09:30:854] [32m[main][0;39m [34mINFO [0;39m [1;37m[org.springframework.boot.SpringApplication.logStartupProfileInfo:[33m640[0;39m][0;39m - The following 1 profile is active: "prod"
[2022-11-15 10:09:30:1604] [32m[main][0;39m [34mINFO [0;39m [1;37m[org.springframework.data.repository.config.RepositoryConfigurationDelegate.registerRepositoriesIn:[33m132[0;39m][0;39m - Bootstrapping Spring Data JPA repositories in DEFAULT mode.
[2022-11-15 10:09:30:1685] [32m[main][0;39m [34mINFO [0;39m [1;37m[org.springframework.data.repository.config.RepositoryConfigurationDelegate.registerRepositoriesIn:[33m201[0;39m][0;39m - Finished Spring Data repository scanning in 71 ms. Found 1 JPA repository interfaces.
[2022-11-15 10:09:31:2339] [32m[main][0;39m [34mINFO [0;39m [1;37m[org.springframework.boot.web.embedded.tomcat.TomcatWebServer.initialize:[33m108[0;39m][0;39m - Tomcat initialized with port(s): 8080 (http)
[2022-11-15 10:09:31:2520] [32m[main][0;39m [34mINFO [0;39m [1;37m[org.springframework.boot.web.servlet.context.ServletWebServerApplicationContext.prepareWebApplicationContext:[33m292[0;39m][0;39m - Root WebApplicationContext: initialization completed in 1604 ms
[2022-11-15 10:09:31:2549] [32m[main][0;39m [34mINFO [0;39m [1;37m[com.zaxxer.hikari.HikariDataSource.getConnection:[33m110[0;39m][0;39m - HikariPool-1 - Starting...
[2022-11-15 10:09:31:2695] [32m[main][0;39m [34mINFO [0;39m [1;37m[com.zaxxer.hikari.HikariDataSource.getConnection:[33m123[0;39m][0;39m - HikariPool-1 - Start completed.
[2022-11-15 10:09:31:2708] [32m[main][0;39m [34mINFO [0;39m [1;37m[org.springframework.boot.autoconfigure.h2.H2ConsoleAutoConfiguration.logDataSources:[33m98[0;39m][0;39m - H2 console available at '/h2'. Database available at 'jdbc:h2:mem:test'
[2022-11-15 10:09:32:2845] [32m[main][0;39m [34mINFO [0;39m [1;37m[org.hibernate.jpa.internal.util.LogHelper.logPersistenceUnitInformation:[33m31[0;39m][0;39m - HHH000204: Processing PersistenceUnitInfo [name: default]
[2022-11-15 10:09:32:2900] [32m[main][0;39m [34mINFO [0;39m [1;37m[org.hibernate.Version.logVersion:[33m44[0;39m][0;39m - HHH000412: Hibernate ORM core version 5.6.12.Final
[2022-11-15 10:09:32:3066] [32m[main][0;39m [34mINFO [0;39m [1;37m[org.hibernate.annotations.common.reflection.java.JavaReflectionManager.<clinit>:[33m56[0;39m][0;39m - HCANN000001: Hibernate Commons Annotations {5.1.2.Final}
[2022-11-15 10:09:32:3215] [32m[main][0;39m [34mINFO [0;39m [1;37m[org.hibernate.dialect.Dialect.<init>:[33m175[0;39m][0;39m - HHH000400: Using dialect: org.hibernate.dialect.H2Dialect
[2022-11-15 10:09:33:4019] [32m[main][0;39m [34mINFO [0;39m [1;37m[org.hibernate.engine.transaction.jta.platform.internal.JtaPlatformInitiator.initiateService:[33m52[0;39m][0;39m - HHH000490: Using JtaPlatform implementation: [org.hibernate.engine.transaction.jta.platform.internal.NoJtaPlatform]
[2022-11-15 10:09:33:4034] [32m[main][0;39m [34mINFO [0;39m [1;37m[org.springframework.orm.jpa.AbstractEntityManagerFactoryBean.buildNativeEntityManagerFactory:[33m437[0;39m][0;39m - Initialized JPA EntityManagerFactory for persistence unit 'default'
[2022-11-15 10:09:34:4922] [32m[main][0;39m [34mINFO [0;39m [1;37m[org.springframework.boot.web.embedded.tomcat.TomcatWebServer.start:[33m220[0;39m][0;39m - Tomcat started on port(s): 8080 (http) with context path ''
[2022-11-15 10:09:34:4935] [32m[main][0;39m [34mINFO [0;39m [1;37m[org.springframework.boot.StartupInfoLogger.logStarted:[33m61[0;39m][0;39m - Started WiselifeApplication in 4.708 seconds (JVM running for 5.92)
[2022-11-15 10:09:34:5156] [32m[SpringApplicationShutdownHook][0;39m [34mINFO [0;39m [1;37m[org.springframework.orm.jpa.AbstractEntityManagerFactoryBean.destroy:[33m651[0;39m][0;39m - Closing JPA EntityManagerFactory for persistence unit 'default'
[2022-11-15 10:09:34:5157] [32m[SpringApplicationShutdownHook][0;39m [34mINFO [0;39m [1;37m[org.hibernate.tool.schema.internal.SchemaDropperImpl$DelayedDropActionImpl.perform:[33m538[0;39m][0;39m - HHH000477: Starting delayed evictData of schema as part of SessionFactory shut-down'
[2022-11-15 10:09:34:5162] [32m[SpringApplicationShutdownHook][0;39m [34mINFO [0;39m [1;37m[com.zaxxer.hikari.HikariDataSource.close:[33m350[0;39m][0;39m - HikariPool-1 - Shutdown initiated...
[2022-11-15 10:09:34:5165] [32m[SpringApplicationShutdownHook][0;39m [34mINFO [0;39m [1;37m[com.zaxxer.hikari.HikariDataSource.close:[33m352[0;39m][0;39m - HikariPool-1 - Shutdown completed.
