[2022-11-14 16:38:16:776 ] [32m[main][0;39m [34mINFO [0;39m [1;37m[org.springframework.boot.StartupInfoLogger.logStarting:[33m55[0;39m][0;39m - Starting WiselifeApplication using Java 11.0.15 on KMS with PID 14976 (C:\Users\PC\Desktop\wiselife\server\wiselife\build\classes\java\main started by PC in C:\Users\PC\Desktop\wiselife\server\wiselife)
[2022-11-14 16:38:16:774 ] [32m[background-preinit][0;39m [34mINFO [0;39m [1;37m[org.hibernate.validator.internal.util.Version.<clinit>:[33m21[0;39m][0;39m - HV000001: Hibernate Validator 6.2.5.Final
[2022-11-14 16:38:16:778 ] [32m[main][0;39m [34mINFO [0;39m [1;37m[org.springframework.boot.SpringApplication.logStartupProfileInfo:[33m640[0;39m][0;39m - The following 1 profile is active: "prod"
[2022-11-14 16:38:17:1469] [32m[main][0;39m [34mINFO [0;39m [1;37m[org.springframework.data.repository.config.RepositoryConfigurationDelegate.registerRepositoriesIn:[33m132[0;39m][0;39m - Bootstrapping Spring Data JPA repositories in DEFAULT mode.
[2022-11-14 16:38:17:1541] [32m[main][0;39m [34mINFO [0;39m [1;37m[org.springframework.data.repository.config.RepositoryConfigurationDelegate.registerRepositoriesIn:[33m201[0;39m][0;39m - Finished Spring Data repository scanning in 61 ms. Found 1 JPA repository interfaces.
[2022-11-14 16:38:18:2182] [32m[main][0;39m [34mINFO [0;39m [1;37m[org.springframework.boot.web.embedded.tomcat.TomcatWebServer.initialize:[33m108[0;39m][0;39m - Tomcat initialized with port(s): 8080 (http)
[2022-11-14 16:38:18:2191] [32m[main][0;39m [34mINFO [0;39m [1;37m[org.apache.juli.logging.DirectJDKLog.log:[33m173[0;39m][0;39m - Initializing ProtocolHandler ["http-nio-8080"]
[2022-11-14 16:38:18:2192] [32m[main][0;39m [34mINFO [0;39m [1;37m[org.apache.juli.logging.DirectJDKLog.log:[33m173[0;39m][0;39m - Starting service [Tomcat]
[2022-11-14 16:38:18:2192] [32m[main][0;39m [34mINFO [0;39m [1;37m[org.apache.juli.logging.DirectJDKLog.log:[33m173[0;39m][0;39m - Starting Servlet engine: [Apache Tomcat/9.0.68]
[2022-11-14 16:38:18:2334] [32m[main][0;39m [34mINFO [0;39m [1;37m[org.apache.juli.logging.DirectJDKLog.log:[33m173[0;39m][0;39m - Initializing Spring embedded WebApplicationContext
[2022-11-14 16:38:18:2334] [32m[main][0;39m [34mINFO [0;39m [1;37m[org.springframework.boot.web.servlet.context.ServletWebServerApplicationContext.prepareWebApplicationContext:[33m292[0;39m][0;39m - Root WebApplicationContext: initialization completed in 1511 ms
[2022-11-14 16:38:18:2363] [32m[main][0;39m [34mINFO [0;39m [1;37m[com.zaxxer.hikari.HikariDataSource.getConnection:[33m110[0;39m][0;39m - HikariPool-1 - Starting...
[2022-11-14 16:38:18:2491] [32m[main][0;39m [34mINFO [0;39m [1;37m[com.zaxxer.hikari.HikariDataSource.getConnection:[33m123[0;39m][0;39m - HikariPool-1 - Start completed.
[2022-11-14 16:38:18:2503] [32m[main][0;39m [34mINFO [0;39m [1;37m[org.springframework.boot.autoconfigure.h2.H2ConsoleAutoConfiguration.logDataSources:[33m98[0;39m][0;39m - H2 console available at '/h2'. Database available at 'jdbc:h2:mem:test'
[2022-11-14 16:38:18:2612] [32m[main][0;39m [34mINFO [0;39m [1;37m[org.hibernate.jpa.internal.util.LogHelper.logPersistenceUnitInformation:[33m31[0;39m][0;39m - HHH000204: Processing PersistenceUnitInfo [name: default]
[2022-11-14 16:38:18:2662] [32m[main][0;39m [34mINFO [0;39m [1;37m[org.hibernate.Version.logVersion:[33m44[0;39m][0;39m - HHH000412: Hibernate ORM core version 5.6.12.Final
[2022-11-14 16:38:18:2825] [32m[main][0;39m [34mINFO [0;39m [1;37m[org.hibernate.annotations.common.reflection.java.JavaReflectionManager.<clinit>:[33m56[0;39m][0;39m - HCANN000001: Hibernate Commons Annotations {5.1.2.Final}
[2022-11-14 16:38:19:2976] [32m[main][0;39m [34mINFO [0;39m [1;37m[org.hibernate.dialect.Dialect.<init>:[33m175[0;39m][0;39m - HHH000400: Using dialect: org.hibernate.dialect.H2Dialect
[2022-11-14 16:38:19:3865] [32m[main][0;39m [34mINFO [0;39m [1;37m[org.hibernate.engine.transaction.jta.platform.internal.JtaPlatformInitiator.initiateService:[33m52[0;39m][0;39m - HHH000490: Using JtaPlatform implementation: [org.hibernate.engine.transaction.jta.platform.internal.NoJtaPlatform]
[2022-11-14 16:38:19:3878] [32m[main][0;39m [34mINFO [0;39m [1;37m[org.springframework.orm.jpa.AbstractEntityManagerFactoryBean.buildNativeEntityManagerFactory:[33m437[0;39m][0;39m - Initialized JPA EntityManagerFactory for persistence unit 'default'
[2022-11-14 16:38:20:4621] [32m[main][0;39m [34mINFO [0;39m [1;37m[org.apache.juli.logging.DirectJDKLog.log:[33m173[0;39m][0;39m - Starting ProtocolHandler ["http-nio-8080"]
[2022-11-14 16:38:20:4644] [32m[main][0;39m [34mINFO [0;39m [1;37m[org.springframework.boot.web.embedded.tomcat.TomcatWebServer.start:[33m220[0;39m][0;39m - Tomcat started on port(s): 8080 (http) with context path ''
[2022-11-14 16:38:20:4656] [32m[main][0;39m [34mINFO [0;39m [1;37m[org.springframework.boot.StartupInfoLogger.logStarted:[33m61[0;39m][0;39m - Started WiselifeApplication in 4.5 seconds (JVM running for 5.607)
[2022-11-14 16:38:22:6577] [32m[http-nio-8080-exec-2][0;39m [34mINFO [0;39m [1;37m[org.apache.juli.logging.DirectJDKLog.log:[33m173[0;39m][0;39m - Initializing Spring DispatcherServlet 'dispatcherServlet'
[2022-11-14 16:38:22:6577] [32m[http-nio-8080-exec-2][0;39m [34mINFO [0;39m [1;37m[org.springframework.web.servlet.FrameworkServlet.initServletBean:[33m525[0;39m][0;39m - Initializing Servlet 'dispatcherServlet'
[2022-11-14 16:38:22:6578] [32m[http-nio-8080-exec-2][0;39m [34mINFO [0;39m [1;37m[org.springframework.web.servlet.FrameworkServlet.initServletBean:[33m547[0;39m][0;39m - Completed initialization in 1 ms
[2022-11-14 16:38:22:6708] [32m[http-nio-8080-exec-2][0;39m [34mINFO [0;39m [1;37m[be.wiselife.order.controller.OrderController.startContract:[33m38[0;39m][0;39m - 주문정보 =만원권
[2022-11-14 16:38:22:6708] [32m[http-nio-8080-exec-2][0;39m [34mINFO [0;39m [1;37m[be.wiselife.order.controller.OrderController.startContract:[33m39[0;39m][0;39m - 결재 총액 =10000.0
[2022-11-14 16:38:22:6709] [32m[http-nio-8080-exec-2][0;39m [34mINFO [0;39m [1;37m[be.wiselife.order.controller.OrderController.startContract:[33m41[0;39m][0;39m - 궁금한것 null 만원권 1
[2022-11-14 16:38:22:6843] [32m[http-nio-8080-exec-2][0;39m [34mINFO [0;39m [1;37m[be.wiselife.order.service.OrderService.startKakaoPay:[33m47[0;39m][0;39m - 주문한 맴버아이디:[memberId_1]
[2022-11-14 16:38:22:6843] [32m[http-nio-8080-exec-2][0;39m [34mINFO [0;39m [1;37m[be.wiselife.order.service.OrderService.startKakaoPay:[33m48[0;39m][0;39m - 결제번호 : [WISELIFE_CO_1]
[2022-11-14 16:38:23:7299] [32m[http-nio-8080-exec-2][0;39m [34mINFO [0;39m [1;37m[be.wiselife.order.service.OrderService.startKakaoPay:[33m61[0;39m][0;39m - 결재승인 응답객체: OrderDto.OrderReadyResponse(tid=T371f06f7c755d9958ec, next_redirect_pc_url=https://online-pay.kakao.com/mockup/v1/dedc3bd18df0c1a388dfa89b48b8ce99791cb6cabfcb462bee9685f7ee6ebc6f/info, created_at=2022-11-14T16:38:23)
[2022-11-14 16:38:23:7300] [32m[http-nio-8080-exec-2][0;39m [34mINFO [0;39m [1;37m[be.wiselife.order.controller.OrderController.startContract:[33m45[0;39m][0;39m - 카톡에서 보낸 결제 고유 번호 = T371f06f7c755d9958ec
[2022-11-14 16:38:26:9991] [32m[SpringApplicationShutdownHook][0;39m [34mINFO [0;39m [1;37m[org.springframework.orm.jpa.AbstractEntityManagerFactoryBean.destroy:[33m651[0;39m][0;39m - Closing JPA EntityManagerFactory for persistence unit 'default'
[2022-11-14 16:38:26:9992] [32m[SpringApplicationShutdownHook][0;39m [34mINFO [0;39m [1;37m[org.hibernate.tool.schema.internal.SchemaDropperImpl$DelayedDropActionImpl.perform:[33m538[0;39m][0;39m - HHH000477: Starting delayed evictData of schema as part of SessionFactory shut-down'
[2022-11-14 16:38:26:10004] [32m[SpringApplicationShutdownHook][0;39m [34mINFO [0;39m [1;37m[com.zaxxer.hikari.HikariDataSource.close:[33m350[0;39m][0;39m - HikariPool-1 - Shutdown initiated...
[2022-11-14 16:38:26:10010] [32m[SpringApplicationShutdownHook][0;39m [34mINFO [0;39m [1;37m[com.zaxxer.hikari.HikariDataSource.close:[33m352[0;39m][0;39m - HikariPool-1 - Shutdown completed.
[2022-11-14 16:40:36:802 ] [32m[main][0;39m [34mINFO [0;39m [1;37m[org.springframework.boot.StartupInfoLogger.logStarting:[33m55[0;39m][0;39m - Starting WiselifeApplication using Java 11.0.15 on KMS with PID 8904 (C:\Users\PC\Desktop\wiselife\server\wiselife\build\classes\java\main started by PC in C:\Users\PC\Desktop\wiselife\server\wiselife)
[2022-11-14 16:40:36:800 ] [32m[background-preinit][0;39m [34mINFO [0;39m [1;37m[org.hibernate.validator.internal.util.Version.<clinit>:[33m21[0;39m][0;39m - HV000001: Hibernate Validator 6.2.5.Final
[2022-11-14 16:40:36:804 ] [32m[main][0;39m [34mINFO [0;39m [1;37m[org.springframework.boot.SpringApplication.logStartupProfileInfo:[33m640[0;39m][0;39m - The following 1 profile is active: "SERVER"
[2022-11-14 16:40:37:1696] [32m[main][0;39m [34mINFO [0;39m [1;37m[org.springframework.data.repository.config.RepositoryConfigurationDelegate.registerRepositoriesIn:[33m132[0;39m][0;39m - Bootstrapping Spring Data JPA repositories in DEFAULT mode.
[2022-11-14 16:40:37:1793] [32m[main][0;39m [34mINFO [0;39m [1;37m[org.springframework.data.repository.config.RepositoryConfigurationDelegate.registerRepositoriesIn:[33m201[0;39m][0;39m - Finished Spring Data repository scanning in 81 ms. Found 1 JPA repository interfaces.
[2022-11-14 16:40:38:2379] [32m[main][0;39m [34mINFO [0;39m [1;37m[org.springframework.boot.web.embedded.tomcat.TomcatWebServer.initialize:[33m108[0;39m][0;39m - Tomcat initialized with port(s): 8080 (http)
[2022-11-14 16:40:38:2388] [32m[main][0;39m [34mINFO [0;39m [1;37m[org.apache.juli.logging.DirectJDKLog.log:[33m173[0;39m][0;39m - Initializing ProtocolHandler ["http-nio-8080"]
[2022-11-14 16:40:38:2389] [32m[main][0;39m [34mINFO [0;39m [1;37m[org.apache.juli.logging.DirectJDKLog.log:[33m173[0;39m][0;39m - Starting service [Tomcat]
[2022-11-14 16:40:38:2389] [32m[main][0;39m [34mINFO [0;39m [1;37m[org.apache.juli.logging.DirectJDKLog.log:[33m173[0;39m][0;39m - Starting Servlet engine: [Apache Tomcat/9.0.68]
[2022-11-14 16:40:38:2529] [32m[main][0;39m [34mINFO [0;39m [1;37m[org.apache.juli.logging.DirectJDKLog.log:[33m173[0;39m][0;39m - Initializing Spring embedded WebApplicationContext
[2022-11-14 16:40:38:2530] [32m[main][0;39m [34mINFO [0;39m [1;37m[org.springframework.boot.web.servlet.context.ServletWebServerApplicationContext.prepareWebApplicationContext:[33m292[0;39m][0;39m - Root WebApplicationContext: initialization completed in 1674 ms
[2022-11-14 16:40:38:2557] [32m[main][0;39m [34mINFO [0;39m [1;37m[com.zaxxer.hikari.HikariDataSource.getConnection:[33m110[0;39m][0;39m - HikariPool-1 - Starting...
[2022-11-14 16:40:38:2704] [32m[main][0;39m [34mINFO [0;39m [1;37m[com.zaxxer.hikari.HikariDataSource.getConnection:[33m123[0;39m][0;39m - HikariPool-1 - Start completed.
[2022-11-14 16:40:38:2716] [32m[main][0;39m [34mINFO [0;39m [1;37m[org.springframework.boot.autoconfigure.h2.H2ConsoleAutoConfiguration.logDataSources:[33m98[0;39m][0;39m - H2 console available at '/h2'. Database available at 'jdbc:h2:mem:test'
[2022-11-14 16:40:38:2823] [32m[main][0;39m [34mINFO [0;39m [1;37m[org.hibernate.jpa.internal.util.LogHelper.logPersistenceUnitInformation:[33m31[0;39m][0;39m - HHH000204: Processing PersistenceUnitInfo [name: default]
[2022-11-14 16:40:38:2873] [32m[main][0;39m [34mINFO [0;39m [1;37m[org.hibernate.Version.logVersion:[33m44[0;39m][0;39m - HHH000412: Hibernate ORM core version 5.6.12.Final
[2022-11-14 16:40:38:3041] [32m[main][0;39m [34mINFO [0;39m [1;37m[org.hibernate.annotations.common.reflection.java.JavaReflectionManager.<clinit>:[33m56[0;39m][0;39m - HCANN000001: Hibernate Commons Annotations {5.1.2.Final}
[2022-11-14 16:40:38:3170] [32m[main][0;39m [34mINFO [0;39m [1;37m[org.hibernate.dialect.Dialect.<init>:[33m175[0;39m][0;39m - HHH000400: Using dialect: org.hibernate.dialect.H2Dialect
[2022-11-14 16:40:39:3821] [32m[main][0;39m [34mINFO [0;39m [1;37m[org.hibernate.engine.transaction.jta.platform.internal.JtaPlatformInitiator.initiateService:[33m52[0;39m][0;39m - HHH000490: Using JtaPlatform implementation: [org.hibernate.engine.transaction.jta.platform.internal.NoJtaPlatform]
[2022-11-14 16:40:39:3832] [32m[main][0;39m [34mINFO [0;39m [1;37m[org.springframework.orm.jpa.AbstractEntityManagerFactoryBean.buildNativeEntityManagerFactory:[33m437[0;39m][0;39m - Initialized JPA EntityManagerFactory for persistence unit 'default'
[2022-11-14 16:40:40:4580] [32m[main][0;39m [34mINFO [0;39m [1;37m[org.apache.juli.logging.DirectJDKLog.log:[33m173[0;39m][0;39m - Starting ProtocolHandler ["http-nio-8080"]
[2022-11-14 16:40:40:4602] [32m[main][0;39m [34mINFO [0;39m [1;37m[org.springframework.boot.web.embedded.tomcat.TomcatWebServer.start:[33m220[0;39m][0;39m - Tomcat started on port(s): 8080 (http) with context path ''
[2022-11-14 16:40:40:4614] [32m[main][0;39m [34mINFO [0;39m [1;37m[org.springframework.boot.StartupInfoLogger.logStarted:[33m61[0;39m][0;39m - Started WiselifeApplication in 4.405 seconds (JVM running for 5.635)
[2022-11-14 16:41:04:29171] [32m[SpringApplicationShutdownHook][0;39m [34mINFO [0;39m [1;37m[org.springframework.orm.jpa.AbstractEntityManagerFactoryBean.destroy:[33m651[0;39m][0;39m - Closing JPA EntityManagerFactory for persistence unit 'default'
[2022-11-14 16:41:04:29173] [32m[SpringApplicationShutdownHook][0;39m [34mINFO [0;39m [1;37m[org.hibernate.tool.schema.internal.SchemaDropperImpl$DelayedDropActionImpl.perform:[33m538[0;39m][0;39m - HHH000477: Starting delayed evictData of schema as part of SessionFactory shut-down'
[2022-11-14 16:41:04:29185] [32m[SpringApplicationShutdownHook][0;39m [34mINFO [0;39m [1;37m[com.zaxxer.hikari.HikariDataSource.close:[33m350[0;39m][0;39m - HikariPool-1 - Shutdown initiated...
[2022-11-14 16:41:04:29192] [32m[SpringApplicationShutdownHook][0;39m [34mINFO [0;39m [1;37m[com.zaxxer.hikari.HikariDataSource.close:[33m352[0;39m][0;39m - HikariPool-1 - Shutdown completed.
[2022-11-14 16:41:08:766 ] [32m[background-preinit][0;39m [34mINFO [0;39m [1;37m[org.hibernate.validator.internal.util.Version.<clinit>:[33m21[0;39m][0;39m - HV000001: Hibernate Validator 6.2.5.Final
[2022-11-14 16:41:08:772 ] [32m[main][0;39m [34mINFO [0;39m [1;37m[org.springframework.boot.StartupInfoLogger.logStarting:[33m55[0;39m][0;39m - Starting WiselifeApplication using Java 11.0.15 on KMS with PID 13372 (C:\Users\PC\Desktop\wiselife\server\wiselife\build\classes\java\main started by PC in C:\Users\PC\Desktop\wiselife\server\wiselife)
[2022-11-14 16:41:08:773 ] [32m[main][0;39m [34mINFO [0;39m [1;37m[org.springframework.boot.SpringApplication.logStartupProfileInfo:[33m640[0;39m][0;39m - The following 1 profile is active: "prod"
[2022-11-14 16:41:09:1484] [32m[main][0;39m [34mINFO [0;39m [1;37m[org.springframework.data.repository.config.RepositoryConfigurationDelegate.registerRepositoriesIn:[33m132[0;39m][0;39m - Bootstrapping Spring Data JPA repositories in DEFAULT mode.
[2022-11-14 16:41:09:1545] [32m[main][0;39m [34mINFO [0;39m [1;37m[org.springframework.data.repository.config.RepositoryConfigurationDelegate.registerRepositoriesIn:[33m201[0;39m][0;39m - Finished Spring Data repository scanning in 51 ms. Found 1 JPA repository interfaces.
[2022-11-14 16:41:10:2230] [32m[main][0;39m [34mINFO [0;39m [1;37m[org.springframework.boot.web.embedded.tomcat.TomcatWebServer.initialize:[33m108[0;39m][0;39m - Tomcat initialized with port(s): 8080 (http)
[2022-11-14 16:41:10:2241] [32m[main][0;39m [34mINFO [0;39m [1;37m[org.apache.juli.logging.DirectJDKLog.log:[33m173[0;39m][0;39m - Initializing ProtocolHandler ["http-nio-8080"]
[2022-11-14 16:41:10:2241] [32m[main][0;39m [34mINFO [0;39m [1;37m[org.apache.juli.logging.DirectJDKLog.log:[33m173[0;39m][0;39m - Starting service [Tomcat]
[2022-11-14 16:41:10:2242] [32m[main][0;39m [34mINFO [0;39m [1;37m[org.apache.juli.logging.DirectJDKLog.log:[33m173[0;39m][0;39m - Starting Servlet engine: [Apache Tomcat/9.0.68]
[2022-11-14 16:41:10:2411] [32m[main][0;39m [34mINFO [0;39m [1;37m[org.apache.juli.logging.DirectJDKLog.log:[33m173[0;39m][0;39m - Initializing Spring embedded WebApplicationContext
[2022-11-14 16:41:10:2412] [32m[main][0;39m [34mINFO [0;39m [1;37m[org.springframework.boot.web.servlet.context.ServletWebServerApplicationContext.prepareWebApplicationContext:[33m292[0;39m][0;39m - Root WebApplicationContext: initialization completed in 1591 ms
[2022-11-14 16:41:10:2444] [32m[main][0;39m [34mINFO [0;39m [1;37m[com.zaxxer.hikari.HikariDataSource.getConnection:[33m110[0;39m][0;39m - HikariPool-1 - Starting...
[2022-11-14 16:41:10:2584] [32m[main][0;39m [34mINFO [0;39m [1;37m[com.zaxxer.hikari.HikariDataSource.getConnection:[33m123[0;39m][0;39m - HikariPool-1 - Start completed.
[2022-11-14 16:41:10:2597] [32m[main][0;39m [34mINFO [0;39m [1;37m[org.springframework.boot.autoconfigure.h2.H2ConsoleAutoConfiguration.logDataSources:[33m98[0;39m][0;39m - H2 console available at '/h2'. Database available at 'jdbc:h2:mem:test'
[2022-11-14 16:41:10:2715] [32m[main][0;39m [34mINFO [0;39m [1;37m[org.hibernate.jpa.internal.util.LogHelper.logPersistenceUnitInformation:[33m31[0;39m][0;39m - HHH000204: Processing PersistenceUnitInfo [name: default]
[2022-11-14 16:41:10:2765] [32m[main][0;39m [34mINFO [0;39m [1;37m[org.hibernate.Version.logVersion:[33m44[0;39m][0;39m - HHH000412: Hibernate ORM core version 5.6.12.Final
[2022-11-14 16:41:10:2922] [32m[main][0;39m [34mINFO [0;39m [1;37m[org.hibernate.annotations.common.reflection.java.JavaReflectionManager.<clinit>:[33m56[0;39m][0;39m - HCANN000001: Hibernate Commons Annotations {5.1.2.Final}
[2022-11-14 16:41:11:3050] [32m[main][0;39m [34mINFO [0;39m [1;37m[org.hibernate.dialect.Dialect.<init>:[33m175[0;39m][0;39m - HHH000400: Using dialect: org.hibernate.dialect.H2Dialect
[2022-11-14 16:41:11:3687] [32m[main][0;39m [34mINFO [0;39m [1;37m[org.hibernate.engine.transaction.jta.platform.internal.JtaPlatformInitiator.initiateService:[33m52[0;39m][0;39m - HHH000490: Using JtaPlatform implementation: [org.hibernate.engine.transaction.jta.platform.internal.NoJtaPlatform]
[2022-11-14 16:41:11:3702] [32m[main][0;39m [34mINFO [0;39m [1;37m[org.springframework.orm.jpa.AbstractEntityManagerFactoryBean.buildNativeEntityManagerFactory:[33m437[0;39m][0;39m - Initialized JPA EntityManagerFactory for persistence unit 'default'
[2022-11-14 16:41:12:4601] [32m[main][0;39m [34mINFO [0;39m [1;37m[org.apache.juli.logging.DirectJDKLog.log:[33m173[0;39m][0;39m - Starting ProtocolHandler ["http-nio-8080"]
[2022-11-14 16:41:12:4625] [32m[main][0;39m [34mINFO [0;39m [1;37m[org.springframework.boot.web.embedded.tomcat.TomcatWebServer.start:[33m220[0;39m][0;39m - Tomcat started on port(s): 8080 (http) with context path ''
[2022-11-14 16:41:12:4638] [32m[main][0;39m [34mINFO [0;39m [1;37m[org.springframework.boot.StartupInfoLogger.logStarted:[33m61[0;39m][0;39m - Started WiselifeApplication in 4.44 seconds (JVM running for 5.701)
[2022-11-14 16:41:15:7296] [32m[http-nio-8080-exec-2][0;39m [34mINFO [0;39m [1;37m[org.apache.juli.logging.DirectJDKLog.log:[33m173[0;39m][0;39m - Initializing Spring DispatcherServlet 'dispatcherServlet'
[2022-11-14 16:41:15:7297] [32m[http-nio-8080-exec-2][0;39m [34mINFO [0;39m [1;37m[org.springframework.web.servlet.FrameworkServlet.initServletBean:[33m525[0;39m][0;39m - Initializing Servlet 'dispatcherServlet'
[2022-11-14 16:41:15:7299] [32m[http-nio-8080-exec-2][0;39m [34mINFO [0;39m [1;37m[org.springframework.web.servlet.FrameworkServlet.initServletBean:[33m547[0;39m][0;39m - Completed initialization in 1 ms
[2022-11-14 16:41:15:7405] [32m[http-nio-8080-exec-2][0;39m [34mINFO [0;39m [1;37m[be.wiselife.order.controller.OrderController.startContract:[33m38[0;39m][0;39m - 주문정보 =만원권
[2022-11-14 16:41:15:7405] [32m[http-nio-8080-exec-2][0;39m [34mINFO [0;39m [1;37m[be.wiselife.order.controller.OrderController.startContract:[33m39[0;39m][0;39m - 결재 총액 =10000.0
[2022-11-14 16:41:15:7405] [32m[http-nio-8080-exec-2][0;39m [34mINFO [0;39m [1;37m[be.wiselife.order.controller.OrderController.startContract:[33m41[0;39m][0;39m - 궁금한것 null 만원권 1
[2022-11-14 16:41:15:7516] [32m[http-nio-8080-exec-2][0;39m [34mINFO [0;39m [1;37m[be.wiselife.order.service.OrderService.startKakaoPay:[33m47[0;39m][0;39m - 주문한 맴버아이디:[memberId_1]
[2022-11-14 16:41:15:7517] [32m[http-nio-8080-exec-2][0;39m [34mINFO [0;39m [1;37m[be.wiselife.order.service.OrderService.startKakaoPay:[33m48[0;39m][0;39m - 결제번호 : [WISELIFE_CO_1]
[2022-11-14 16:41:15:7890] [32m[http-nio-8080-exec-2][0;39m [34mINFO [0;39m [1;37m[be.wiselife.order.service.OrderService.startKakaoPay:[33m61[0;39m][0;39m - 결재승인 응답객체: OrderDto.OrderReadyResponse(tid=T371f11c7c755d9958f7, next_redirect_pc_url=https://online-pay.kakao.com/mockup/v1/4c4d07db59099c17e214cd5fd10533506782c989c94d782c0a1221c0b303d0b5/info, created_at=2022-11-14T16:41:16)
[2022-11-14 16:41:15:7891] [32m[http-nio-8080-exec-2][0;39m [34mINFO [0;39m [1;37m[be.wiselife.order.controller.OrderController.startContract:[33m45[0;39m][0;39m - 카톡에서 보낸 결제 고유 번호 = T371f11c7c755d9958f7
[2022-11-14 16:41:19:11193] [32m[SpringApplicationShutdownHook][0;39m [34mINFO [0;39m [1;37m[org.springframework.orm.jpa.AbstractEntityManagerFactoryBean.destroy:[33m651[0;39m][0;39m - Closing JPA EntityManagerFactory for persistence unit 'default'
[2022-11-14 16:41:19:11194] [32m[SpringApplicationShutdownHook][0;39m [34mINFO [0;39m [1;37m[org.hibernate.tool.schema.internal.SchemaDropperImpl$DelayedDropActionImpl.perform:[33m538[0;39m][0;39m - HHH000477: Starting delayed evictData of schema as part of SessionFactory shut-down'
[2022-11-14 16:41:19:11202] [32m[SpringApplicationShutdownHook][0;39m [34mINFO [0;39m [1;37m[com.zaxxer.hikari.HikariDataSource.close:[33m350[0;39m][0;39m - HikariPool-1 - Shutdown initiated...
[2022-11-14 16:41:19:11206] [32m[SpringApplicationShutdownHook][0;39m [34mINFO [0;39m [1;37m[com.zaxxer.hikari.HikariDataSource.close:[33m352[0;39m][0;39m - HikariPool-1 - Shutdown completed.
